<?xml version="1.0" encoding="UTF-8"?>
<testng-results skipped="0" failed="0" ignored="0" total="2" passed="2">
  <reporter-output>
  </reporter-output>
  <suite name="Suite" duration-ms="23078" started-at="2020-06-08T15:11:32Z" finished-at="2020-06-08T15:11:55Z">
    <groups>
    </groups>
    <test name="Test" duration-ms="23078" started-at="2020-06-08T15:11:32Z" finished-at="2020-06-08T15:11:55Z">
      <class name="seleniumPackage.LaunchBrowser">
        <test-method status="PASS" signature="launchBrowser()[pri:0, instance:seleniumPackage.LaunchBrowser@5e3a8624]" name="launchBrowser" duration-ms="11242" started-at="2020-06-08T15:11:32Z" finished-at="2020-06-08T15:11:43Z">
          <reporter-output>
          </reporter-output>
        </test-method> <!-- launchBrowser -->
        <test-method status="PASS" signature="searchItems()[pri:0, instance:seleniumPackage.LaunchBrowser@5e3a8624]" name="searchItems" duration-ms="11757" started-at="2020-06-08T15:11:43Z" finished-at="2020-06-08T15:11:55Z">
          <reporter-output>
          </reporter-output>
        </test-method> <!-- searchItems -->
      </class> <!-- seleniumPackage.LaunchBrowser -->
    </test> <!-- Test -->
  </suite> <!-- Suite -->
</testng-results>
