<?xml version="1.0" encoding="UTF-8"?>
<testng-results skipped="0" failed="0" ignored="0" total="2" passed="2">
  <reporter-output>
  </reporter-output>
  <suite name="Default suite" duration-ms="62466" started-at="2020-05-31T13:10:06Z" finished-at="2020-05-31T13:11:09Z">
    <groups>
    </groups>
    <test name="Default test" duration-ms="62466" started-at="2020-05-31T13:10:06Z" finished-at="2020-05-31T13:11:09Z">
      <class name="seleniumPackage.launchBrowser">
        <test-method status="PASS" signature="launchBrowser()[pri:0, instance:seleniumPackage.launchBrowser@1bce4f0a]" name="launchBrowser" duration-ms="53487" started-at="2020-05-31T13:10:06Z" finished-at="2020-05-31T13:11:00Z">
          <reporter-output>
          </reporter-output>
        </test-method> <!-- launchBrowser -->
        <test-method status="PASS" signature="searchItems()[pri:0, instance:seleniumPackage.launchBrowser@1bce4f0a]" name="searchItems" duration-ms="8911" started-at="2020-05-31T13:11:00Z" finished-at="2020-05-31T13:11:09Z">
          <reporter-output>
          </reporter-output>
        </test-method> <!-- searchItems -->
      </class> <!-- seleniumPackage.launchBrowser -->
    </test> <!-- Default test -->
  </suite> <!-- Default suite -->
</testng-results>
